<?xml version="1.0" encoding="UTF-8"?>
<!-- Generated by org.testng.reporters.JUnitXMLReporter -->
<testsuite ignored="0" hostname="tacktile-All-Series" failures="1" tests="1" name="Sale Order Test" time="10.391" errors="0" timestamp="2024-08-13T16:31:31 IST">
  <testcase classname="Sim_automation.SaleOrderCreation" name="saleOrderform" time="0.114">
    <failure type="java.lang.AssertionError" message="Create Sale Order page Open successfully expected [true] but found [false]">
      <![CDATA[java.lang.AssertionError: Create Sale Order page Open successfully expected [true] but found [false]
at Sim_automation.SaleOrderCreation.saleOrderform(SaleOrderCreation.java:16)
at java.base/java.util.ArrayList.forEach(ArrayList.java:1511)
at java.base/java.util.concurrent.FutureTask.run(FutureTask.java:264)
at java.base/java.util.concurrent.ThreadPoolExecutor.runWorker(ThreadPoolExecutor.java:1136)
at java.base/java.util.concurrent.ThreadPoolExecutor$Worker.run(ThreadPoolExecutor.java:635)
at java.base/java.lang.Thread.run(Thread.java:840)
... Removed 23 stack frames]]>
    </failure>
  </testcase> <!-- saleOrderform -->
</testsuite> <!-- Sale Order Test -->
